This is pdfTeX, Version 3.14159265-2.6-1.40.16 (TeX Live 2015/Debian) (preloaded format=pdflatex 2016.11.18)  15 MAY 2017 21:57
entering extended mode
 restricted \write18 enabled.
 %&-line parsing enabled.
**/home/hexiang/git/SSFI/tutorial/doc/SSFI_doc.tex
(/home/hexiang/git/SSFI/tutorial/doc/SSFI_doc.tex
LaTeX2e <2016/02/01>
Babel <3.9q> and hyphenation patterns for 81 language(s) loaded.
(/usr/share/texlive/texmf-dist/tex/latex/base/article.cls
Document Class: article 2014/09/29 v1.4h Standard LaTeX document class
(/usr/share/texlive/texmf-dist/tex/latex/base/size10.clo
File: size10.clo 2014/09/29 v1.4h Standard LaTeX file (size option)
)
\c@part=\count79
\c@section=\count80
\c@subsection=\count81
\c@subsubsection=\count82
\c@paragraph=\count83
\c@subparagraph=\count84
\c@figure=\count85
\c@table=\count86
\abovecaptionskip=\skip41
\belowcaptionskip=\skip42
\bibindent=\dimen102
) (/home/hexiang/git/SSFI/tutorial/doc/SSFI_doc.aux)
\openout1 = `SSFI_doc.aux'.

LaTeX Font Info:    Checking defaults for OML/cmm/m/it on input line 7.
LaTeX Font Info:    ... okay on input line 7.
LaTeX Font Info:    Checking defaults for T1/cmr/m/n on input line 7.
LaTeX Font Info:    ... okay on input line 7.
LaTeX Font Info:    Checking defaults for OT1/cmr/m/n on input line 7.
LaTeX Font Info:    ... okay on input line 7.
LaTeX Font Info:    Checking defaults for OMS/cmsy/m/n on input line 7.
LaTeX Font Info:    ... okay on input line 7.
LaTeX Font Info:    Checking defaults for OMX/cmex/m/n on input line 7.
LaTeX Font Info:    ... okay on input line 7.
LaTeX Font Info:    Checking defaults for U/cmr/m/n on input line 7.
LaTeX Font Info:    ... okay on input line 7.

Overfull \hbox (15.0pt too wide) in paragraph at lines 8--11
[][]
 []


Underfull \hbox (badness 10000) in paragraph at lines 8--11

 []


Overfull \hbox (3.553pt too wide) in paragraph at lines 24--25
[]\OT1/cmr/m/n/10 gmFoam also con-duct some post-pro-cess in \OT1/cmr/bx/n/10 a
dd[]solid[]fluid[]interface
 []


Overfull \hbox (40.96687pt too wide) in paragraph at lines 24--25
\OT1/cmr/m/n/10 com-mand for the ESSI nodes in-fo-ma-tion file, fi-nally gen-er
-ated \OT1/cmr/bx/n/10 ESSI[]nodes.fei
 []

[1

{/var/lib/texmf/fonts/map/pdftex/updmap/pdftex.map}] (/home/hexiang/git/SSFI/tu
torial/doc/SSFI_doc.aux) ) 
Here is how much of TeX's memory you used:
 206 strings out of 493029
 2529 string characters out of 6136233
 57074 words of memory out of 5000000
 3825 multiletter control sequences out of 15000+600000
 3948 words of font info for 15 fonts, out of 8000000 for 9000
 1141 hyphenation exceptions out of 8191
 23i,4n,17p,550b,166s stack positions out of 5000i,500n,10000p,200000b,80000s
</usr/share/texlive/texmf-dist/fonts/type1/public/ams
fonts/cm/cmbx10.pfb></usr/share/texlive/texmf-dist/fonts/type1/public/amsfonts/
cm/cmr10.pfb>
Output written on /home/hexiang/git/SSFI/tutorial/doc/SSFI_doc.pdf (1 page, 366
37 bytes).
PDF statistics:
 16 PDF objects out of 1000 (max. 8388607)
 10 compressed objects within 1 object stream
 0 named destinations out of 1000 (max. 500000)
 1 words of extra memory for PDF output out of 10000 (max. 10000000)

